2019-04-06 18:00:27,009 [Thread-1    ] [INFO ]  Starting script...
2019-04-06 18:00:27,048 [Thread-1    ] [INFO ]  Connecting to the master...
2019-04-06 18:00:27,078 [Thread-1    ] [INFO ]  Successfully connected to the master
2019-04-06 18:00:27,098 [Thread-1    ] [INFO ]  Sending an initial hello to master
2019-04-06 18:00:29,250 [Thread-1    ] [INFO ]  We have information about the master {"hostname": "WOOKIE", "cpu_percent_used": 38.1, "ram": 17068892160, "cpu_cores": 4, "cpu": "Intel64 Family 6 Model 42 Stepping 7, GenuineIntel"}
2019-04-06 18:00:29,250 [Thread-1    ] [INFO ]  Now sending a keepalive to the master
2019-04-06 18:00:35,256 [Thread-1    ] [INFO ]  Now sending a keepalive to the master
2019-04-06 18:00:41,259 [Thread-1    ] [INFO ]  Now sending a keepalive to the master
2019-04-06 18:00:47,265 [Thread-1    ] [INFO ]  Now sending a keepalive to the master
2019-04-06 18:00:53,278 [Thread-1    ] [INFO ]  Now sending a keepalive to the master
2019-04-06 18:00:59,282 [Thread-1    ] [INFO ]  Now sending a keepalive to the master
2019-04-06 18:01:05,288 [Thread-1    ] [INFO ]  Now sending a keepalive to the master
2019-04-06 18:01:11,312 [Thread-1    ] [INFO ]  Now sending a keepalive to the master
2019-04-06 18:01:14,973 [Thread-1    ] [INFO ]  Starting script...
2019-04-06 18:01:14,980 [Thread-1    ] [INFO ]  Connecting to the master...
2019-04-06 18:01:14,997 [Thread-1    ] [INFO ]  Successfully connected to the master
2019-04-06 18:01:15,006 [Thread-1    ] [INFO ]  Sending an initial hello to master
2019-04-06 18:01:17,065 [Thread-1    ] [INFO ]  We have information about the master {"hostname": "WOOKIE", "cpu_percent_used": 42.5, "ram": 17068892160, "cpu_cores": 4, "cpu": "Intel64 Family 6 Model 42 Stepping 7, GenuineIntel"}
2019-04-06 18:01:17,065 [Thread-1    ] [INFO ]  Now sending a keepalive to the master
2019-04-06 18:01:23,069 [Thread-1    ] [INFO ]  Now sending a keepalive to the master
2019-04-06 18:01:29,075 [Thread-1    ] [INFO ]  Now sending a keepalive to the master
2019-04-06 18:01:35,078 [Thread-1    ] [INFO ]  Now sending a keepalive to the master
2019-04-06 18:01:38,936 [Thread-1    ] [INFO ]  Starting script...
2019-04-06 18:01:38,951 [Thread-1    ] [INFO ]  Connecting to the master...
2019-04-06 18:01:38,967 [Thread-1    ] [INFO ]  Successfully connected to the master
2019-04-06 18:01:38,977 [Thread-1    ] [INFO ]  Sending an initial hello to master
2019-04-06 18:01:41,035 [Thread-1    ] [INFO ]  We have information about the master {"hostname": "WOOKIE", "cpu_percent_used": 75.2, "ram": 17068892160, "cpu_cores": 4, "cpu": "Intel64 Family 6 Model 42 Stepping 7, GenuineIntel"}
2019-04-06 18:01:41,035 [Thread-1    ] [INFO ]  Now sending a keepalive to the master
2019-04-06 18:01:47,039 [Thread-1    ] [INFO ]  Now sending a keepalive to the master
2019-04-06 18:01:53,042 [Thread-1    ] [INFO ]  Now sending a keepalive to the master
2019-04-06 18:01:59,046 [Thread-1    ] [INFO ]  Now sending a keepalive to the master
2019-04-06 18:02:05,053 [Thread-1    ] [INFO ]  Now sending a keepalive to the master
2019-04-06 18:02:11,056 [Thread-1    ] [INFO ]  Now sending a keepalive to the master
2019-04-06 18:02:17,061 [Thread-1    ] [INFO ]  Now sending a keepalive to the master
2019-04-06 18:02:23,065 [Thread-1    ] [INFO ]  Now sending a keepalive to the master
2019-04-06 18:02:29,069 [Thread-1    ] [INFO ]  Now sending a keepalive to the master
2019-04-06 18:02:35,072 [Thread-1    ] [INFO ]  Now sending a keepalive to the master
2019-04-06 18:02:41,076 [Thread-1    ] [INFO ]  Now sending a keepalive to the master
2019-04-06 18:02:47,081 [Thread-1    ] [INFO ]  Now sending a keepalive to the master
2019-04-06 18:02:53,084 [Thread-1    ] [INFO ]  Now sending a keepalive to the master
2019-04-06 18:02:59,086 [Thread-1    ] [INFO ]  Now sending a keepalive to the master
2019-04-06 18:03:05,091 [Thread-1    ] [INFO ]  Now sending a keepalive to the master
2019-04-06 18:03:11,094 [Thread-1    ] [INFO ]  Now sending a keepalive to the master
2019-04-06 18:03:17,099 [Thread-1    ] [INFO ]  Now sending a keepalive to the master
2019-04-06 18:03:23,105 [Thread-1    ] [INFO ]  Now sending a keepalive to the master
2019-04-06 18:03:29,733 [Thread-1    ] [INFO ]  Starting script...
2019-04-06 18:03:29,734 [Thread-1    ] [INFO ]  Connecting to the master...
2019-04-06 18:03:29,755 [Thread-1    ] [INFO ]  Successfully connected to the master
2019-04-06 18:03:29,755 [Thread-1    ] [INFO ]  Sending an initial hello to master
2019-04-06 18:03:31,811 [Thread-1    ] [INFO ]  We have information about the master {"hostname": "WOOKIE", "cpu_percent_used": 36.3, "ram": 17068892160, "cpu_cores": 4, "cpu": "Intel64 Family 6 Model 42 Stepping 7, GenuineIntel"}
2019-04-06 18:03:31,811 [Thread-1    ] [INFO ]  Now sending a keepalive to the master
2019-04-06 18:03:37,815 [Thread-1    ] [INFO ]  Now sending a keepalive to the master
2019-04-06 18:03:43,819 [Thread-1    ] [INFO ]  Now sending a keepalive to the master
2019-04-06 18:03:49,822 [Thread-1    ] [INFO ]  Now sending a keepalive to the master
2019-04-06 18:03:55,828 [Thread-1    ] [INFO ]  Now sending a keepalive to the master
2019-04-06 18:04:01,831 [Thread-1    ] [INFO ]  Now sending a keepalive to the master
2019-04-06 18:04:07,835 [Thread-1    ] [INFO ]  Now sending a keepalive to the master
2019-04-06 18:04:13,331 [Thread-1    ] [INFO ]  Starting script...
2019-04-06 18:04:13,339 [Thread-1    ] [INFO ]  Connecting to the master...
2019-04-06 18:04:13,357 [Thread-1    ] [INFO ]  Successfully connected to the master
2019-04-06 18:04:13,368 [Thread-1    ] [INFO ]  Sending an initial hello to master
2019-04-06 18:04:15,446 [Thread-1    ] [INFO ]  We have information about the master {"hostname": "WOOKIE", "cpu_percent_used": 26.3, "ram": 17068892160, "cpu_cores": 4, "cpu": "Intel64 Family 6 Model 42 Stepping 7, GenuineIntel"}
2019-04-06 18:04:15,446 [Thread-1    ] [INFO ]  Now sending a keepalive to the master
2019-04-06 18:04:21,448 [Thread-1    ] [INFO ]  Now sending a keepalive to the master
2019-04-06 18:04:27,451 [Thread-1    ] [INFO ]  Now sending a keepalive to the master
2019-04-06 18:04:33,454 [Thread-1    ] [INFO ]  Now sending a keepalive to the master
2019-04-06 18:04:39,457 [Thread-1    ] [INFO ]  Now sending a keepalive to the master
2019-04-06 18:04:45,461 [Thread-1    ] [INFO ]  Now sending a keepalive to the master
2019-04-06 18:04:51,464 [Thread-1    ] [INFO ]  Now sending a keepalive to the master
2019-04-06 18:04:57,467 [Thread-1    ] [INFO ]  Now sending a keepalive to the master
2019-04-06 18:05:03,471 [Thread-1    ] [INFO ]  Now sending a keepalive to the master
2019-04-06 18:05:09,473 [Thread-1    ] [INFO ]  Now sending a keepalive to the master
2019-04-06 18:05:15,477 [Thread-1    ] [INFO ]  Now sending a keepalive to the master
2019-04-06 18:05:21,483 [Thread-1    ] [INFO ]  Now sending a keepalive to the master
2019-04-06 18:05:27,484 [Thread-1    ] [INFO ]  Now sending a keepalive to the master
2019-04-06 18:05:33,489 [Thread-1    ] [INFO ]  Now sending a keepalive to the master
2019-04-06 18:05:39,493 [Thread-1    ] [INFO ]  Now sending a keepalive to the master
2019-04-06 18:05:45,496 [Thread-1    ] [INFO ]  Now sending a keepalive to the master
2019-04-06 18:05:51,500 [Thread-1    ] [INFO ]  Now sending a keepalive to the master
2019-04-06 18:05:57,503 [Thread-1    ] [INFO ]  Now sending a keepalive to the master
2019-04-06 18:06:03,506 [Thread-1    ] [INFO ]  Now sending a keepalive to the master
2019-04-06 18:06:09,509 [Thread-1    ] [INFO ]  Now sending a keepalive to the master
2019-04-06 18:06:15,513 [Thread-1    ] [INFO ]  Now sending a keepalive to the master
2019-04-06 18:06:21,515 [Thread-1    ] [INFO ]  Now sending a keepalive to the master
2019-04-06 18:06:27,519 [Thread-1    ] [INFO ]  Now sending a keepalive to the master
2019-04-06 18:06:33,523 [Thread-1    ] [INFO ]  Now sending a keepalive to the master
2019-04-06 18:06:39,526 [Thread-1    ] [INFO ]  Now sending a keepalive to the master
2019-04-06 18:06:45,529 [Thread-1    ] [INFO ]  Now sending a keepalive to the master
2019-04-06 18:06:51,533 [Thread-1    ] [INFO ]  Now sending a keepalive to the master
2019-04-06 18:06:57,539 [Thread-1    ] [INFO ]  Now sending a keepalive to the master
2019-04-06 18:07:03,542 [Thread-1    ] [INFO ]  Now sending a keepalive to the master
2019-04-06 18:07:09,545 [Thread-1    ] [INFO ]  Now sending a keepalive to the master
2019-04-06 18:07:15,549 [Thread-1    ] [INFO ]  Now sending a keepalive to the master
2019-04-06 18:07:21,552 [Thread-1    ] [INFO ]  Now sending a keepalive to the master
2019-04-06 18:07:27,556 [Thread-1    ] [INFO ]  Now sending a keepalive to the master
2019-04-06 18:07:33,561 [Thread-1    ] [INFO ]  Now sending a keepalive to the master
2019-04-06 18:07:39,569 [Thread-1    ] [INFO ]  Now sending a keepalive to the master
2019-04-06 18:07:45,573 [Thread-1    ] [INFO ]  Now sending a keepalive to the master
2019-04-06 18:07:51,578 [Thread-1    ] [INFO ]  Now sending a keepalive to the master
2019-04-06 18:07:57,581 [Thread-1    ] [INFO ]  Now sending a keepalive to the master
2019-04-06 18:08:03,584 [Thread-1    ] [INFO ]  Now sending a keepalive to the master
2019-04-06 18:08:09,588 [Thread-1    ] [INFO ]  Now sending a keepalive to the master
2019-04-06 18:08:15,592 [Thread-1    ] [INFO ]  Now sending a keepalive to the master
2019-04-06 18:08:21,595 [Thread-1    ] [INFO ]  Now sending a keepalive to the master
2019-04-06 18:08:27,601 [Thread-1    ] [INFO ]  Now sending a keepalive to the master
2019-04-06 18:08:33,605 [Thread-1    ] [INFO ]  Now sending a keepalive to the master
2019-04-06 18:08:39,608 [Thread-1    ] [INFO ]  Now sending a keepalive to the master
2019-04-06 18:08:45,612 [Thread-1    ] [INFO ]  Now sending a keepalive to the master
2019-04-06 18:08:51,618 [Thread-1    ] [INFO ]  Now sending a keepalive to the master
2019-04-06 18:08:57,622 [Thread-1    ] [INFO ]  Now sending a keepalive to the master
2019-04-06 18:09:03,627 [Thread-1    ] [INFO ]  Now sending a keepalive to the master
2019-04-06 18:09:09,631 [Thread-1    ] [INFO ]  Now sending a keepalive to the master
2019-04-06 18:09:15,638 [Thread-1    ] [INFO ]  Now sending a keepalive to the master
2019-04-06 18:09:21,644 [Thread-1    ] [INFO ]  Now sending a keepalive to the master
2019-04-06 18:09:27,648 [Thread-1    ] [INFO ]  Now sending a keepalive to the master
2019-04-06 18:09:33,653 [Thread-1    ] [INFO ]  Now sending a keepalive to the master
2019-04-06 18:09:39,655 [Thread-1    ] [INFO ]  Now sending a keepalive to the master
2019-04-06 18:09:45,658 [Thread-1    ] [INFO ]  Now sending a keepalive to the master
2019-04-06 18:09:51,664 [Thread-1    ] [INFO ]  Now sending a keepalive to the master
2019-04-06 18:09:57,667 [Thread-1    ] [INFO ]  Now sending a keepalive to the master
2019-04-06 18:10:03,671 [Thread-1    ] [INFO ]  Now sending a keepalive to the master
2019-04-06 18:10:09,674 [Thread-1    ] [INFO ]  Now sending a keepalive to the master
2019-04-06 18:10:15,678 [Thread-1    ] [INFO ]  Now sending a keepalive to the master
2019-04-06 18:10:21,687 [Thread-1    ] [INFO ]  Now sending a keepalive to the master
2019-04-06 18:10:27,691 [Thread-1    ] [INFO ]  Now sending a keepalive to the master
2019-04-06 18:10:33,696 [Thread-1    ] [INFO ]  Now sending a keepalive to the master
2019-04-06 18:10:39,700 [Thread-1    ] [INFO ]  Now sending a keepalive to the master
2019-04-06 18:10:45,709 [Thread-1    ] [INFO ]  Now sending a keepalive to the master
2019-04-06 18:10:51,714 [Thread-1    ] [INFO ]  Now sending a keepalive to the master
2019-04-06 18:10:57,720 [Thread-1    ] [INFO ]  Now sending a keepalive to the master
2019-04-06 18:11:03,726 [Thread-1    ] [INFO ]  Now sending a keepalive to the master
2019-04-06 18:11:09,740 [Thread-1    ] [INFO ]  Now sending a keepalive to the master
2019-04-06 18:11:15,763 [Thread-1    ] [INFO ]  Now sending a keepalive to the master
2019-04-06 18:11:21,767 [Thread-1    ] [INFO ]  Now sending a keepalive to the master
2019-04-06 18:11:27,773 [Thread-1    ] [INFO ]  Now sending a keepalive to the master
2019-04-06 18:11:33,778 [Thread-1    ] [INFO ]  Now sending a keepalive to the master
2019-04-06 18:11:39,782 [Thread-1    ] [INFO ]  Now sending a keepalive to the master
2019-04-06 18:11:45,786 [Thread-1    ] [INFO ]  Now sending a keepalive to the master
2019-04-06 18:11:51,792 [Thread-1    ] [INFO ]  Now sending a keepalive to the master
2019-04-06 18:11:57,803 [Thread-1    ] [INFO ]  Now sending a keepalive to the master
2019-04-06 18:12:03,808 [Thread-1    ] [INFO ]  Now sending a keepalive to the master
2019-04-06 18:12:09,813 [Thread-1    ] [INFO ]  Now sending a keepalive to the master
2019-04-06 18:12:15,818 [Thread-1    ] [INFO ]  Now sending a keepalive to the master
2019-04-06 18:12:21,822 [Thread-1    ] [INFO ]  Now sending a keepalive to the master
2019-04-06 18:12:27,829 [Thread-1    ] [INFO ]  Now sending a keepalive to the master
2019-04-06 18:12:33,832 [Thread-1    ] [INFO ]  Now sending a keepalive to the master
2019-04-06 18:12:39,836 [Thread-1    ] [INFO ]  Now sending a keepalive to the master
2019-04-06 18:12:45,841 [Thread-1    ] [INFO ]  Now sending a keepalive to the master
2019-04-06 18:12:51,845 [Thread-1    ] [INFO ]  Now sending a keepalive to the master
2019-04-06 18:12:57,851 [Thread-1    ] [INFO ]  Now sending a keepalive to the master
2019-04-06 18:13:03,855 [Thread-1    ] [INFO ]  Now sending a keepalive to the master
2019-04-06 18:13:09,859 [Thread-1    ] [INFO ]  Now sending a keepalive to the master
2019-04-06 18:13:15,865 [Thread-1    ] [INFO ]  Now sending a keepalive to the master
2019-04-06 18:13:21,868 [Thread-1    ] [INFO ]  Now sending a keepalive to the master
2019-04-06 18:13:27,871 [Thread-1    ] [INFO ]  Now sending a keepalive to the master
2019-04-06 18:13:33,875 [Thread-1    ] [INFO ]  Now sending a keepalive to the master
2019-04-06 18:13:39,878 [Thread-1    ] [INFO ]  Now sending a keepalive to the master
2019-04-06 18:13:45,882 [Thread-1    ] [INFO ]  Now sending a keepalive to the master
2019-04-06 18:13:51,887 [Thread-1    ] [INFO ]  Now sending a keepalive to the master
2019-04-06 18:13:57,891 [Thread-1    ] [INFO ]  Now sending a keepalive to the master
2019-04-06 18:14:03,894 [Thread-1    ] [INFO ]  Now sending a keepalive to the master
2019-04-06 18:14:09,897 [Thread-1    ] [INFO ]  Now sending a keepalive to the master
2019-04-06 18:14:15,901 [Thread-1    ] [INFO ]  Now sending a keepalive to the master
2019-04-06 18:14:21,904 [Thread-1    ] [INFO ]  Now sending a keepalive to the master
2019-04-06 18:14:27,911 [Thread-1    ] [INFO ]  Now sending a keepalive to the master
2019-04-06 18:14:33,914 [Thread-1    ] [INFO ]  Now sending a keepalive to the master
2019-04-06 18:14:39,917 [Thread-1    ] [INFO ]  Now sending a keepalive to the master
2019-04-06 18:14:45,920 [Thread-1    ] [INFO ]  Now sending a keepalive to the master
2019-04-06 18:14:51,923 [Thread-1    ] [INFO ]  Now sending a keepalive to the master
2019-04-06 18:14:57,926 [Thread-1    ] [INFO ]  Now sending a keepalive to the master
2019-04-06 18:15:03,928 [Thread-1    ] [INFO ]  Now sending a keepalive to the master
2019-04-06 18:15:09,931 [Thread-1    ] [INFO ]  Now sending a keepalive to the master
2019-04-06 18:15:15,937 [Thread-1    ] [INFO ]  Now sending a keepalive to the master
2019-04-06 18:15:21,940 [Thread-1    ] [INFO ]  Now sending a keepalive to the master
2019-04-06 18:15:27,943 [Thread-1    ] [INFO ]  Now sending a keepalive to the master
2019-04-06 18:15:33,947 [Thread-1    ] [INFO ]  Now sending a keepalive to the master
2019-04-06 18:15:39,950 [Thread-1    ] [INFO ]  Now sending a keepalive to the master
2019-04-06 18:15:45,953 [Thread-1    ] [INFO ]  Now sending a keepalive to the master
2019-04-06 18:15:51,957 [Thread-1    ] [INFO ]  Now sending a keepalive to the master
2019-04-06 18:15:57,960 [Thread-1    ] [INFO ]  Now sending a keepalive to the master
2019-04-06 18:16:03,963 [Thread-1    ] [INFO ]  Now sending a keepalive to the master
2019-04-06 18:16:09,967 [Thread-1    ] [INFO ]  Now sending a keepalive to the master
2019-04-06 18:16:15,970 [Thread-1    ] [INFO ]  Now sending a keepalive to the master
2019-04-06 18:16:21,973 [Thread-1    ] [INFO ]  Now sending a keepalive to the master
2019-04-06 18:16:27,976 [Thread-1    ] [INFO ]  Now sending a keepalive to the master
2019-04-06 18:16:33,980 [Thread-1    ] [INFO ]  Now sending a keepalive to the master
2019-04-06 18:16:39,984 [Thread-1    ] [INFO ]  Now sending a keepalive to the master
2019-04-06 18:16:45,989 [Thread-1    ] [INFO ]  Now sending a keepalive to the master
2019-04-06 18:16:51,993 [Thread-1    ] [INFO ]  Now sending a keepalive to the master
2019-04-06 18:16:57,996 [Thread-1    ] [INFO ]  Now sending a keepalive to the master
2019-04-06 18:17:03,999 [Thread-1    ] [INFO ]  Now sending a keepalive to the master
2019-04-06 18:17:10,002 [Thread-1    ] [INFO ]  Now sending a keepalive to the master
2019-04-06 18:17:16,005 [Thread-1    ] [INFO ]  Now sending a keepalive to the master
2019-04-06 18:17:22,009 [Thread-1    ] [INFO ]  Now sending a keepalive to the master
2019-04-06 18:17:28,013 [Thread-1    ] [INFO ]  Now sending a keepalive to the master
2019-04-06 18:17:34,016 [Thread-1    ] [INFO ]  Now sending a keepalive to the master
2019-04-06 18:17:40,019 [Thread-1    ] [INFO ]  Now sending a keepalive to the master
2019-04-06 18:17:46,023 [Thread-1    ] [INFO ]  Now sending a keepalive to the master
2019-04-06 18:17:52,029 [Thread-1    ] [INFO ]  Now sending a keepalive to the master
2019-04-06 18:17:58,032 [Thread-1    ] [INFO ]  Now sending a keepalive to the master
2019-04-06 18:18:04,038 [Thread-1    ] [INFO ]  Now sending a keepalive to the master
2019-04-06 18:18:10,042 [Thread-1    ] [INFO ]  Now sending a keepalive to the master
2019-04-06 18:18:16,046 [Thread-1    ] [INFO ]  Now sending a keepalive to the master
2019-04-06 18:18:22,049 [Thread-1    ] [INFO ]  Now sending a keepalive to the master
2019-04-06 18:18:28,055 [Thread-1    ] [INFO ]  Now sending a keepalive to the master
2019-04-06 18:18:34,059 [Thread-1    ] [INFO ]  Now sending a keepalive to the master
2019-04-06 18:18:40,062 [Thread-1    ] [INFO ]  Now sending a keepalive to the master
2019-04-06 18:18:46,072 [Thread-1    ] [INFO ]  Now sending a keepalive to the master
2019-04-06 18:18:52,075 [Thread-1    ] [INFO ]  Now sending a keepalive to the master
2019-04-06 18:18:58,079 [Thread-1    ] [INFO ]  Now sending a keepalive to the master
2019-04-06 18:19:04,084 [Thread-1    ] [INFO ]  Now sending a keepalive to the master
2019-04-06 18:19:10,088 [Thread-1    ] [INFO ]  Now sending a keepalive to the master
2019-04-06 18:19:16,092 [Thread-1    ] [INFO ]  Now sending a keepalive to the master
2019-04-06 18:19:22,094 [Thread-1    ] [INFO ]  Now sending a keepalive to the master
2019-04-06 18:19:28,096 [Thread-1    ] [INFO ]  Now sending a keepalive to the master
2019-04-06 18:19:34,099 [Thread-1    ] [INFO ]  Now sending a keepalive to the master
2019-04-06 18:19:40,102 [Thread-1    ] [INFO ]  Now sending a keepalive to the master
2019-04-06 18:19:46,107 [Thread-1    ] [INFO ]  Now sending a keepalive to the master
2019-04-06 18:19:52,108 [Thread-1    ] [INFO ]  Now sending a keepalive to the master
2019-04-06 18:19:58,112 [Thread-1    ] [INFO ]  Now sending a keepalive to the master
2019-04-06 18:20:04,117 [Thread-1    ] [INFO ]  Now sending a keepalive to the master
2019-04-06 18:20:10,118 [Thread-1    ] [INFO ]  Now sending a keepalive to the master
2019-04-06 18:20:16,122 [Thread-1    ] [INFO ]  Now sending a keepalive to the master
2019-04-06 18:20:22,125 [Thread-1    ] [INFO ]  Now sending a keepalive to the master
2019-04-06 18:20:28,130 [Thread-1    ] [INFO ]  Now sending a keepalive to the master
2019-04-06 18:20:34,132 [Thread-1    ] [INFO ]  Now sending a keepalive to the master
2019-04-06 18:20:40,137 [Thread-1    ] [INFO ]  Now sending a keepalive to the master
2019-04-06 18:20:46,141 [Thread-1    ] [INFO ]  Now sending a keepalive to the master
2019-04-06 18:20:52,144 [Thread-1    ] [INFO ]  Now sending a keepalive to the master
2019-04-06 18:20:58,147 [Thread-1    ] [INFO ]  Now sending a keepalive to the master
2019-04-06 18:21:04,150 [Thread-1    ] [INFO ]  Now sending a keepalive to the master
2019-04-06 18:21:10,256 [Thread-1    ] [INFO ]  Now sending a keepalive to the master
2019-04-06 18:21:16,259 [Thread-1    ] [INFO ]  Now sending a keepalive to the master
2019-04-06 18:21:22,263 [Thread-1    ] [INFO ]  Now sending a keepalive to the master
2019-04-06 18:21:28,267 [Thread-1    ] [INFO ]  Now sending a keepalive to the master
2019-04-06 18:21:34,272 [Thread-1    ] [INFO ]  Now sending a keepalive to the master
2019-04-06 18:21:40,341 [Thread-1    ] [INFO ]  Now sending a keepalive to the master
2019-04-06 18:21:46,345 [Thread-1    ] [INFO ]  Now sending a keepalive to the master
2019-04-06 18:21:52,418 [Thread-1    ] [INFO ]  Now sending a keepalive to the master
2019-04-06 18:21:58,421 [Thread-1    ] [INFO ]  Now sending a keepalive to the master
2019-04-06 18:22:04,424 [Thread-1    ] [INFO ]  Now sending a keepalive to the master
